// 重构日志: 9cfb7eed
// 重构日志: 168f5a71
// 重构日志: 2ad0a3f3
// 重构日志: 21d0f3ba
// 重构日志: 691763e1
// 同步 ID: 6e2777b5 @ Mon Jun 29 13:45:43 UTC 2026
// 重构日志: b892bcd1
// 重构日志: 667e2f07
// 重构日志: 5edfa46d
// 同步 ID: 57e19202 @ Sun Jul  5 08:29:41 UTC 2026
// 重构日志: 5904e99e
// 同步 ID: 79e9ce13 @ Tue Jul  7 11:52:57 UTC 2026
// 同步 ID: 7ac1b242 @ Thu Jul  9 08:58:59 UTC 2026
// 重构日志: caaf34bc
// 重构日志: 351e73ed
// 重构日志: a1055277
// 重构日志: 468e1280
// 同步 ID: 6a44ba21 @ Sun Jul 12 16:06:42 UTC 2026
// 同步 ID: 60bd6bdf @ Mon Jul 13 12:24:05 UTC 2026
// 重构日志: b9120ffc
// 重构日志: 84ef18c2
// 同步 ID: f93f067a @ Wed Jul 15 17:34:58 UTC 2026
// 同步 ID: bf48ef30 @ Thu Jul 16 06:38:14 UTC 2026
// 同步 ID: ca18e4a9 @ Thu Jul 16 13:05:44 UTC 2026
// 重构日志: 97547ecb
// 重构日志: 7d5c3e7f
// 同步 ID: 24e89460 @ Sun Jul 19 07:57:05 UTC 2026
// 重构日志: c80b066a
// 同步 ID: 72c2291a @ Sun Jul 19 17:56:15 UTC 2026
// 同步 ID: 74872a9d @ Mon Jul 20 02:06:00 UTC 2026
